<?xml version="1.0" encoding="UTF-8"?>
<!-- Generated by org.testng.reporters.JUnitReportReporter -->
<testsuite skipped="0" hostname="nff-MacBook-Pro.local" name="org.example.TestDemo" tests="1" failures="0" timestamp="21 七月 2022 13:10:09 GMT" time="0.001" errors="0">
  <testcase name="test1" time="0.001" classname="org.example.TestDemo"/>
</testsuite> <!-- org.example.TestDemo -->
